#
# There is insufficient memory for the Java Runtime Environment to continue.
# Native memory allocation (malloc) failed to allocate 226736 bytes for Chunk::new
# Possible reasons:
#   The system is out of physical RAM or swap space
#   The process is running with CompressedOops enabled, and the Java Heap may be blocking the growth of the native heap
# Possible solutions:
#   Reduce memory load on the system
#   Increase physical memory or swap space
#   Check if swap backing store is full
#   Decrease Java heap size (-Xmx/-Xms)
#   Decrease number of Java threads
#   Decrease Java thread stack sizes (-Xss)
#   Set larger code cache with -XX:ReservedCodeCacheSize=
#   JVM is running with Zero Based Compressed Oops mode in which the Java heap is
#     placed in the first 32GB address space. The Java Heap base address is the
#     maximum limit for the native heap growth. Please use -XX:HeapBaseMinAddress
#     to set the Java Heap base and to place the Java Heap above 32GB virtual address.
# This output file may be truncated or incomplete.
#
#  Out of Memory Error (./src/hotspot/share/memory/arena.cpp:197), pid=30924, tid=28796
#
# JRE version: OpenJDK Runtime Environment Temurin-11.0.14.1+1 (11.0.14.1+1) (build 11.0.14.1+1)
# Java VM: OpenJDK 64-Bit Server VM Temurin-11.0.14.1+1 (11.0.14.1+1, mixed mode, tiered, compressed oops, g1 gc, windows-amd64)
# No core dump will be written. Minidumps are not enabled by default on client versions of Windows
#

---------------  S U M M A R Y ------------

Command Line: -Dcom.android.sdklib.toolsdir=C:\UnityInstallations\2022.3.42f1\Editor\Data\PlaybackEngines\AndroidPlayer\SDK\cmdline-tools\6.0\bin\\.. com.android.sdklib.tool.sdkmanager.SdkManagerCli --list

Host: 12th Gen Intel(R) Core(TM) i5-12450H, 12 cores, 15G,  Windows 11 , 64 bit Build 22621 (10.0.22621.3958)
Time: Wed Oct  2 16:04:27 2024 FLE Daylight Time elapsed time: 0.437530 seconds (0d 0h 0m 0s)

---------------  T H R E A D  ---------------

Current thread (0x0000019afa197000):  JavaThread "C2 CompilerThread0" daemon [_thread_in_native, id=28796, stack(0x0000003a3b400000,0x0000003a3b500000)]


Current CompileTask:
C2:    437  708   !   4       java.util.zip.ZipFile::getEntry (73 bytes)

Stack: [0x0000003a3b400000,0x0000003a3b500000]
Native frames: (J=compiled Java code, j=interpreted, Vv=VM code, C=native code)
V  [jvm.dll+0x61e59a]
V  [jvm.dll+0x7aaca9]
V  [jvm.dll+0x7ac398]
V  [jvm.dll+0x7aca73]
V  [jvm.dll+0x24f9b8]
V  [jvm.dll+0xc260c]
V  [jvm.dll+0xc2bcc]
V  [jvm.dll+0x3599c2]
V  [jvm.dll+0x325b93]
V  [jvm.dll+0x324eca]
V  [jvm.dll+0x208c05]
V  [jvm.dll+0x207ded]
V  [jvm.dll+0x18a2c1]
V  [jvm.dll+0x217734]
V  [jvm.dll+0x21597b]
V  [jvm.dll+0x76d7c0]
V  [jvm.dll+0x766724]
V  [jvm.dll+0x61d3f6]
C  [ucrtbase.dll+0x29333]
C  [KERNEL32.DLL+0x1257d]
C  [ntdll.dll+0x5af28]


---------------  P R O C E S S  ---------------

Threads class SMR info:
_java_thread_list=0x0000019afa19af80, length=11, elements={
0x0000019ad59d3000, 0x0000019afa187000, 0x0000019afa187800, 0x0000019afa180000,
0x0000019afa182000, 0x0000019afa192000, 0x0000019afa197000, 0x0000019afa19c000,
0x0000019afa19d000, 0x0000019afa34e000, 0x0000019afaa56800
}

Java Threads: ( => current thread )
  0x0000019ad59d3000 JavaThread "main" [_thread_in_vm, id=26652, stack(0x0000003a3a800000,0x0000003a3a900000)]
  0x0000019afa187000 JavaThread "Reference Handler" daemon [_thread_blocked, id=25044, stack(0x0000003a3af00000,0x0000003a3b000000)]
  0x0000019afa187800 JavaThread "Finalizer" daemon [_thread_blocked, id=28696, stack(0x0000003a3b000000,0x0000003a3b100000)]
  0x0000019afa180000 JavaThread "Signal Dispatcher" daemon [_thread_blocked, id=22620, stack(0x0000003a3b100000,0x0000003a3b200000)]
  0x0000019afa182000 JavaThread "Attach Listener" daemon [_thread_blocked, id=29316, stack(0x0000003a3b200000,0x0000003a3b300000)]
  0x0000019afa192000 JavaThread "Service Thread" daemon [_thread_blocked, id=30756, stack(0x0000003a3b300000,0x0000003a3b400000)]
=>0x0000019afa197000 JavaThread "C2 CompilerThread0" daemon [_thread_in_native, id=28796, stack(0x0000003a3b400000,0x0000003a3b500000)]
  0x0000019afa19c000 JavaThread "C1 CompilerThread0" daemon [_thread_in_native, id=30868, stack(0x0000003a3b500000,0x0000003a3b600000)]
  0x0000019afa19d000 JavaThread "Sweeper thread" daemon [_thread_blocked, id=12020, stack(0x0000003a3b600000,0x0000003a3b700000)]
  0x0000019afa34e000 JavaThread "Common-Cleaner" daemon [_thread_blocked, id=29020, stack(0x0000003a3b800000,0x0000003a3b900000)]
  0x0000019afaa56800 JavaThread "C2 CompilerThread1" daemon [_thread_in_native, id=30892, stack(0x0000003a3b900000,0x0000003a3ba00000)]

Other Threads:
  0x0000019af98c0000 VMThread "VM Thread" [stack: 0x0000003a3ae00000,0x0000003a3af00000] [id=28628]
  0x0000019afa348000 WatcherThread [stack: 0x0000003a3b700000,0x0000003a3b800000] [id=31460]
  0x0000019ad59ee800 GCTaskThread "GC Thread#0" [stack: 0x0000003a3a900000,0x0000003a3aa00000] [id=18896]
  0x0000019ad5a49000 ConcurrentGCThread "G1 Main Marker" [stack: 0x0000003a3aa00000,0x0000003a3ab00000] [id=27412]
  0x0000019ad5a4a800 ConcurrentGCThread "G1 Conc#0" [stack: 0x0000003a3ab00000,0x0000003a3ac00000] [id=236]
  0x0000019af97a2800 ConcurrentGCThread "G1 Refine#0" [stack: 0x0000003a3ac00000,0x0000003a3ad00000] [id=28384]
  0x0000019af97a3800 ConcurrentGCThread "G1 Young RemSet Sampling" [stack: 0x0000003a3ad00000,0x0000003a3ae00000] [id=24080]

Threads with active compile tasks:
C2 CompilerThread0    457  708   !   4       java.util.zip.ZipFile::getEntry (73 bytes)
C1 CompilerThread0    457  719   !   3       java.net.URL::<init> (543 bytes)
C2 CompilerThread1    457  703       4       java.util.zip.ZipFile$1::getEntry (10 bytes)

VM state:not at safepoint (normal execution)

VM Mutex/Monitor currently owned by a thread: None

Heap address: 0x0000000705e00000, size: 4002 MB, Compressed Oops mode: Zero based, Oop shift amount: 3
Narrow klass base: 0x0000000800000000, Narrow klass shift: 0
Compressed class space size: 1073741824 Address: 0x0000000800000000

Heap:
 garbage-first heap   total 258048K, used 17408K [0x0000000705e00000, 0x0000000800000000)
  region size 1024K, 18 young (18432K), 0 survivors (0K)
 Metaspace       used 11654K, capacity 11803K, committed 11904K, reserved 1069056K
  class space    used 1088K, capacity 1122K, committed 1152K, reserved 1048576K
Heap Regions: E=young(eden), S=young(survivor), O=old, HS=humongous(starts), HC=humongous(continues), CS=collection set, F=free, A=archive, TAMS=top-at-mark-start (previous, next)
|   0|0x0000000705e00000, 0x0000000705f00000, 0x0000000705f00000|100%|HS|  |TAMS 0x0000000705e00000, 0x0000000705e00000| Complete 
|   1|0x0000000705f00000, 0x0000000705f00000, 0x0000000706000000|  0%| F|  |TAMS 0x0000000705f00000, 0x0000000705f00000| Untracked 
|   2|0x0000000706000000, 0x0000000706000000, 0x0000000706100000|  0%| F|  |TAMS 0x0000000706000000, 0x0000000706000000| Untracked 
|   3|0x0000000706100000, 0x0000000706100000, 0x0000000706200000|  0%| F|  |TAMS 0x0000000706100000, 0x0000000706100000| Untracked 
|   4|0x0000000706200000, 0x0000000706200000, 0x0000000706300000|  0%| F|  |TAMS 0x0000000706200000, 0x0000000706200000| Untracked 
|   5|0x0000000706300000, 0x0000000706300000, 0x0000000706400000|  0%| F|  |TAMS 0x0000000706300000, 0x0000000706300000| Untracked 
|   6|0x0000000706400000, 0x0000000706400000, 0x0000000706500000|  0%| F|  |TAMS 0x0000000706400000, 0x0000000706400000| Untracked 
|   7|0x0000000706500000, 0x0000000706500000, 0x0000000706600000|  0%| F|  |TAMS 0x0000000706500000, 0x0000000706500000| Untracked 
|   8|0x0000000706600000, 0x0000000706600000, 0x0000000706700000|  0%| F|  |TAMS 0x0000000706600000, 0x0000000706600000| Untracked 
|   9|0x0000000706700000, 0x0000000706700000, 0x0000000706800000|  0%| F|  |TAMS 0x0000000706700000, 0x0000000706700000| Untracked 
|  10|0x0000000706800000, 0x0000000706800000, 0x0000000706900000|  0%| F|  |TAMS 0x0000000706800000, 0x0000000706800000| Untracked 
|  11|0x0000000706900000, 0x0000000706900000, 0x0000000706a00000|  0%| F|  |TAMS 0x0000000706900000, 0x0000000706900000| Untracked 
|  12|0x0000000706a00000, 0x0000000706a00000, 0x0000000706b00000|  0%| F|  |TAMS 0x0000000706a00000, 0x0000000706a00000| Untracked 
|  13|0x0000000706b00000, 0x0000000706b00000, 0x0000000706c00000|  0%| F|  |TAMS 0x0000000706b00000, 0x0000000706b00000| Untracked 
|  14|0x0000000706c00000, 0x0000000706c00000, 0x0000000706d00000|  0%| F|  |TAMS 0x0000000706c00000, 0x0000000706c00000| Untracked 
|  15|0x0000000706d00000, 0x0000000706d00000, 0x0000000706e00000|  0%| F|  |TAMS 0x0000000706d00000, 0x0000000706d00000| Untracked 
|  16|0x0000000706e00000, 0x0000000706e00000, 0x0000000706f00000|  0%| F|  |TAMS 0x0000000706e00000, 0x0000000706e00000| Untracked 
|  17|0x0000000706f00000, 0x0000000706f00000, 0x0000000707000000|  0%| F|  |TAMS 0x0000000706f00000, 0x0000000706f00000| Untracked 
|  18|0x0000000707000000, 0x0000000707000000, 0x0000000707100000|  0%| F|  |TAMS 0x0000000707000000, 0x0000000707000000| Untracked 
|  19|0x0000000707100000, 0x0000000707100000, 0x0000000707200000|  0%| F|  |TAMS 0x0000000707100000, 0x0000000707100000| Untracked 
|  20|0x0000000707200000, 0x0000000707200000, 0x0000000707300000|  0%| F|  |TAMS 0x0000000707200000, 0x0000000707200000| Untracked 
|  21|0x0000000707300000, 0x0000000707300000, 0x0000000707400000|  0%| F|  |TAMS 0x0000000707300000, 0x0000000707300000| Untracked 
|  22|0x0000000707400000, 0x0000000707400000, 0x0000000707500000|  0%| F|  |TAMS 0x0000000707400000, 0x0000000707400000| Untracked 
|  23|0x0000000707500000, 0x0000000707500000, 0x0000000707600000|  0%| F|  |TAMS 0x0000000707500000, 0x0000000707500000| Untracked 
|  24|0x0000000707600000, 0x0000000707600000, 0x0000000707700000|  0%| F|  |TAMS 0x0000000707600000, 0x0000000707600000| Untracked 
|  25|0x0000000707700000, 0x0000000707700000, 0x0000000707800000|  0%| F|  |TAMS 0x0000000707700000, 0x0000000707700000| Untracked 
|  26|0x0000000707800000, 0x0000000707800000, 0x0000000707900000|  0%| F|  |TAMS 0x0000000707800000, 0x0000000707800000| Untracked 
|  27|0x0000000707900000, 0x0000000707900000, 0x0000000707a00000|  0%| F|  |TAMS 0x0000000707900000, 0x0000000707900000| Untracked 
|  28|0x0000000707a00000, 0x0000000707a00000, 0x0000000707b00000|  0%| F|  |TAMS 0x0000000707a00000, 0x0000000707a00000| Untracked 
|  29|0x0000000707b00000, 0x0000000707b00000, 0x0000000707c00000|  0%| F|  |TAMS 0x0000000707b00000, 0x0000000707b00000| Untracked 
|  30|0x0000000707c00000, 0x0000000707c00000, 0x0000000707d00000|  0%| F|  |TAMS 0x0000000707c00000, 0x0000000707c00000| Untracked 
|  31|0x0000000707d00000, 0x0000000707d00000, 0x0000000707e00000|  0%| F|  |TAMS 0x0000000707d00000, 0x0000000707d00000| Untracked 
|  32|0x0000000707e00000, 0x0000000707e00000, 0x0000000707f00000|  0%| F|  |TAMS 0x0000000707e00000, 0x0000000707e00000| Untracked 
|  33|0x0000000707f00000, 0x0000000707f00000, 0x0000000708000000|  0%| F|  |TAMS 0x0000000707f00000, 0x0000000707f00000| Untracked 
|  34|0x0000000708000000, 0x0000000708000000, 0x0000000708100000|  0%| F|  |TAMS 0x0000000708000000, 0x0000000708000000| Untracked 
|  35|0x0000000708100000, 0x0000000708100000, 0x0000000708200000|  0%| F|  |TAMS 0x0000000708100000, 0x0000000708100000| Untracked 
|  36|0x0000000708200000, 0x0000000708200000, 0x0000000708300000|  0%| F|  |TAMS 0x0000000708200000, 0x0000000708200000| Untracked 
|  37|0x0000000708300000, 0x0000000708300000, 0x0000000708400000|  0%| F|  |TAMS 0x0000000708300000, 0x0000000708300000| Untracked 
|  38|0x0000000708400000, 0x0000000708400000, 0x0000000708500000|  0%| F|  |TAMS 0x0000000708400000, 0x0000000708400000| Untracked 
|  39|0x0000000708500000, 0x0000000708500000, 0x0000000708600000|  0%| F|  |TAMS 0x0000000708500000, 0x0000000708500000| Untracked 
|  40|0x0000000708600000, 0x0000000708600000, 0x0000000708700000|  0%| F|  |TAMS 0x0000000708600000, 0x0000000708600000| Untracked 
|  41|0x0000000708700000, 0x0000000708700000, 0x0000000708800000|  0%| F|  |TAMS 0x0000000708700000, 0x0000000708700000| Untracked 
|  42|0x0000000708800000, 0x0000000708800000, 0x0000000708900000|  0%| F|  |TAMS 0x0000000708800000, 0x0000000708800000| Untracked 
|  43|0x0000000708900000, 0x0000000708900000, 0x0000000708a00000|  0%| F|  |TAMS 0x0000000708900000, 0x0000000708900000| Untracked 
|  44|0x0000000708a00000, 0x0000000708a00000, 0x0000000708b00000|  0%| F|  |TAMS 0x0000000708a00000, 0x0000000708a00000| Untracked 
|  45|0x0000000708b00000, 0x0000000708b00000, 0x0000000708c00000|  0%| F|  |TAMS 0x0000000708b00000, 0x0000000708b00000| Untracked 
|  46|0x0000000708c00000, 0x0000000708c00000, 0x0000000708d00000|  0%| F|  |TAMS 0x0000000708c00000, 0x0000000708c00000| Untracked 
|  47|0x0000000708d00000, 0x0000000708d00000, 0x0000000708e00000|  0%| F|  |TAMS 0x0000000708d00000, 0x0000000708d00000| Untracked 
|  48|0x0000000708e00000, 0x0000000708e00000, 0x0000000708f00000|  0%| F|  |TAMS 0x0000000708e00000, 0x0000000708e00000| Untracked 
|  49|0x0000000708f00000, 0x0000000708f00000, 0x0000000709000000|  0%| F|  |TAMS 0x0000000708f00000, 0x0000000708f00000| Untracked 
|  50|0x0000000709000000, 0x0000000709000000, 0x0000000709100000|  0%| F|  |TAMS 0x0000000709000000, 0x0000000709000000| Untracked 
|  51|0x0000000709100000, 0x0000000709100000, 0x0000000709200000|  0%| F|  |TAMS 0x0000000709100000, 0x0000000709100000| Untracked 
|  52|0x0000000709200000, 0x0000000709200000, 0x0000000709300000|  0%| F|  |TAMS 0x0000000709200000, 0x0000000709200000| Untracked 
|  53|0x0000000709300000, 0x0000000709300000, 0x0000000709400000|  0%| F|  |TAMS 0x0000000709300000, 0x0000000709300000| Untracked 
|  54|0x0000000709400000, 0x0000000709400000, 0x0000000709500000|  0%| F|  |TAMS 0x0000000709400000, 0x0000000709400000| Untracked 
|  55|0x0000000709500000, 0x0000000709500000, 0x0000000709600000|  0%| F|  |TAMS 0x0000000709500000, 0x0000000709500000| Untracked 
|  56|0x0000000709600000, 0x0000000709600000, 0x0000000709700000|  0%| F|  |TAMS 0x0000000709600000, 0x0000000709600000| Untracked 
|  57|0x0000000709700000, 0x0000000709700000, 0x0000000709800000|  0%| F|  |TAMS 0x0000000709700000, 0x0000000709700000| Untracked 
|  58|0x0000000709800000, 0x0000000709800000, 0x0000000709900000|  0%| F|  |TAMS 0x0000000709800000, 0x0000000709800000| Untracked 
|  59|0x0000000709900000, 0x0000000709900000, 0x0000000709a00000|  0%| F|  |TAMS 0x0000000709900000, 0x0000000709900000| Untracked 
|  60|0x0000000709a00000, 0x0000000709a00000, 0x0000000709b00000|  0%| F|  |TAMS 0x0000000709a00000, 0x0000000709a00000| Untracked 
|  61|0x0000000709b00000, 0x0000000709b00000, 0x0000000709c00000|  0%| F|  |TAMS 0x0000000709b00000, 0x0000000709b00000| Untracked 
|  62|0x0000000709c00000, 0x0000000709c00000, 0x0000000709d00000|  0%| F|  |TAMS 0x0000000709c00000, 0x0000000709c00000| Untracked 
|  63|0x0000000709d00000, 0x0000000709d00000, 0x0000000709e00000|  0%| F|  |TAMS 0x0000000709d00000, 0x0000000709d00000| Untracked 
|  64|0x0000000709e00000, 0x0000000709e00000, 0x0000000709f00000|  0%| F|  |TAMS 0x0000000709e00000, 0x0000000709e00000| Untracked 
|  65|0x0000000709f00000, 0x0000000709f00000, 0x000000070a000000|  0%| F|  |TAMS 0x0000000709f00000, 0x0000000709f00000| Untracked 
|  66|0x000000070a000000, 0x000000070a000000, 0x000000070a100000|  0%| F|  |TAMS 0x000000070a000000, 0x000000070a000000| Untracked 
|  67|0x000000070a100000, 0x000000070a100000, 0x000000070a200000|  0%| F|  |TAMS 0x000000070a100000, 0x000000070a100000| Untracked 
|  68|0x000000070a200000, 0x000000070a200000, 0x000000070a300000|  0%| F|  |TAMS 0x000000070a200000, 0x000000070a200000| Untracked 
|  69|0x000000070a300000, 0x000000070a300000, 0x000000070a400000|  0%| F|  |TAMS 0x000000070a300000, 0x000000070a300000| Untracked 
|  70|0x000000070a400000, 0x000000070a400000, 0x000000070a500000|  0%| F|  |TAMS 0x000000070a400000, 0x000000070a400000| Untracked 
|  71|0x000000070a500000, 0x000000070a500000, 0x000000070a600000|  0%| F|  |TAMS 0x000000070a500000, 0x000000070a500000| Untracked 
|  72|0x000000070a600000, 0x000000070a600000, 0x000000070a700000|  0%| F|  |TAMS 0x000000070a600000, 0x000000070a600000| Untracked 
|  73|0x000000070a700000, 0x000000070a700000, 0x000000070a800000|  0%| F|  |TAMS 0x000000070a700000, 0x000000070a700000| Untracked 
|  74|0x000000070a800000, 0x000000070a800000, 0x000000070a900000|  0%| F|  |TAMS 0x000000070a800000, 0x000000070a800000| Untracked 
|  75|0x000000070a900000, 0x000000070a900000, 0x000000070aa00000|  0%| F|  |TAMS 0x000000070a900000, 0x000000070a900000| Untracked 
|  76|0x000000070aa00000, 0x000000070aa00000, 0x000000070ab00000|  0%| F|  |TAMS 0x000000070aa00000, 0x000000070aa00000| Untracked 
|  77|0x000000070ab00000, 0x000000070ab00000, 0x000000070ac00000|  0%| F|  |TAMS 0x000000070ab00000, 0x000000070ab00000| Untracked 
|  78|0x000000070ac00000, 0x000000070ac00000, 0x000000070ad00000|  0%| F|  |TAMS 0x000000070ac00000, 0x000000070ac00000| Untracked 
|  79|0x000000070ad00000, 0x000000070ad00000, 0x000000070ae00000|  0%| F|  |TAMS 0x000000070ad00000, 0x000000070ad00000| Untracked 
|  80|0x000000070ae00000, 0x000000070ae00000, 0x000000070af00000|  0%| F|  |TAMS 0x000000070ae00000, 0x000000070ae00000| Untracked 
|  81|0x000000070af00000, 0x000000070af00000, 0x000000070b000000|  0%| F|  |TAMS 0x000000070af00000, 0x000000070af00000| Untracked 
|  82|0x000000070b000000, 0x000000070b000000, 0x000000070b100000|  0%| F|  |TAMS 0x000000070b000000, 0x000000070b000000| Untracked 
|  83|0x000000070b100000, 0x000000070b100000, 0x000000070b200000|  0%| F|  |TAMS 0x000000070b100000, 0x000000070b100000| Untracked 
|  84|0x000000070b200000, 0x000000070b200000, 0x000000070b300000|  0%| F|  |TAMS 0x000000070b200000, 0x000000070b200000| Untracked 
|  85|0x000000070b300000, 0x000000070b300000, 0x000000070b400000|  0%| F|  |TAMS 0x000000070b300000, 0x000000070b300000| Untracked 
|  86|0x000000070b400000, 0x000000070b400000, 0x000000070b500000|  0%| F|  |TAMS 0x000000070b400000, 0x000000070b400000| Untracked 
|  87|0x000000070b500000, 0x000000070b500000, 0x000000070b600000|  0%| F|  |TAMS 0x000000070b500000, 0x000000070b500000| Untracked 
|  88|0x000000070b600000, 0x000000070b600000, 0x000000070b700000|  0%| F|  |TAMS 0x000000070b600000, 0x000000070b600000| Untracked 
|  89|0x000000070b700000, 0x000000070b700000, 0x000000070b800000|  0%| F|  |TAMS 0x000000070b700000, 0x000000070b700000| Untracked 
|  90|0x000000070b800000, 0x000000070b800000, 0x000000070b900000|  0%| F|  |TAMS 0x000000070b800000, 0x000000070b800000| Untracked 
|  91|0x000000070b900000, 0x000000070b900000, 0x000000070ba00000|  0%| F|  |TAMS 0x000000070b900000, 0x000000070b900000| Untracked 
|  92|0x000000070ba00000, 0x000000070ba00000, 0x000000070bb00000|  0%| F|  |TAMS 0x000000070ba00000, 0x000000070ba00000| Untracked 
|  93|0x000000070bb00000, 0x000000070bb00000, 0x000000070bc00000|  0%| F|  |TAMS 0x000000070bb00000, 0x000000070bb00000| Untracked 
|  94|0x000000070bc00000, 0x000000070bc00000, 0x000000070bd00000|  0%| F|  |TAMS 0x000000070bc00000, 0x000000070bc00000| Untracked 
|  95|0x000000070bd00000, 0x000000070bd00000, 0x000000070be00000|  0%| F|  |TAMS 0x000000070bd00000, 0x000000070bd00000| Untracked 
|  96|0x000000070be00000, 0x000000070be00000, 0x000000070bf00000|  0%| F|  |TAMS 0x000000070be00000, 0x000000070be00000| Untracked 
|  97|0x000000070bf00000, 0x000000070bf00000, 0x000000070c000000|  0%| F|  |TAMS 0x000000070bf00000, 0x000000070bf00000| Untracked 
|  98|0x000000070c000000, 0x000000070c000000, 0x000000070c100000|  0%| F|  |TAMS 0x000000070c000000, 0x000000070c000000| Untracked 
|  99|0x000000070c100000, 0x000000070c100000, 0x000000070c200000|  0%| F|  |TAMS 0x000000070c100000, 0x000000070c100000| Untracked 
| 100|0x000000070c200000, 0x000000070c200000, 0x000000070c300000|  0%| F|  |TAMS 0x000000070c200000, 0x000000070c200000| Untracked 
| 101|0x000000070c300000, 0x000000070c300000, 0x000000070c400000|  0%| F|  |TAMS 0x000000070c300000, 0x000000070c300000| Untracked 
| 102|0x000000070c400000, 0x000000070c400000, 0x000000070c500000|  0%| F|  |TAMS 0x000000070c400000, 0x000000070c400000| Untracked 
| 103|0x000000070c500000, 0x000000070c500000, 0x000000070c600000|  0%| F|  |TAMS 0x000000070c500000, 0x000000070c500000| Untracked 
| 104|0x000000070c600000, 0x000000070c600000, 0x000000070c700000|  0%| F|  |TAMS 0x000000070c600000, 0x000000070c600000| Untracked 
| 105|0x000000070c700000, 0x000000070c700000, 0x000000070c800000|  0%| F|  |TAMS 0x000000070c700000, 0x000000070c700000| Untracked 
| 106|0x000000070c800000, 0x000000070c800000, 0x000000070c900000|  0%| F|  |TAMS 0x000000070c800000, 0x000000070c800000| Untracked 
| 107|0x000000070c900000, 0x000000070c900000, 0x000000070ca00000|  0%| F|  |TAMS 0x000000070c900000, 0x000000070c900000| Untracked 
| 108|0x000000070ca00000, 0x000000070ca00000, 0x000000070cb00000|  0%| F|  |TAMS 0x000000070ca00000, 0x000000070ca00000| Untracked 
| 109|0x000000070cb00000, 0x000000070cb00000, 0x000000070cc00000|  0%| F|  |TAMS 0x000000070cb00000, 0x000000070cb00000| Untracked 
| 110|0x000000070cc00000, 0x000000070cc00000, 0x000000070cd00000|  0%| F|  |TAMS 0x000000070cc00000, 0x000000070cc00000| Untracked 
| 111|0x000000070cd00000, 0x000000070cd00000, 0x000000070ce00000|  0%| F|  |TAMS 0x000000070cd00000, 0x000000070cd00000| Untracked 
| 112|0x000000070ce00000, 0x000000070ce00000, 0x000000070cf00000|  0%| F|  |TAMS 0x000000070ce00000, 0x000000070ce00000| Untracked 
| 113|0x000000070cf00000, 0x000000070cf00000, 0x000000070d000000|  0%| F|  |TAMS 0x000000070cf00000, 0x000000070cf00000| Untracked 
| 114|0x000000070d000000, 0x000000070d000000, 0x000000070d100000|  0%| F|  |TAMS 0x000000070d000000, 0x000000070d000000| Untracked 
| 115|0x000000070d100000, 0x000000070d100000, 0x000000070d200000|  0%| F|  |TAMS 0x000000070d100000, 0x000000070d100000| Untracked 
| 116|0x000000070d200000, 0x000000070d200000, 0x000000070d300000|  0%| F|  |TAMS 0x000000070d200000, 0x000000070d200000| Untracked 
| 117|0x000000070d300000, 0x000000070d300000, 0x000000070d400000|  0%| F|  |TAMS 0x000000070d300000, 0x000000070d300000| Untracked 
| 118|0x000000070d400000, 0x000000070d400000, 0x000000070d500000|  0%| F|  |TAMS 0x000000070d400000, 0x000000070d400000| Untracked 
| 119|0x000000070d500000, 0x000000070d500000, 0x000000070d600000|  0%| F|  |TAMS 0x000000070d500000, 0x000000070d500000| Untracked 
| 120|0x000000070d600000, 0x000000070d600000, 0x000000070d700000|  0%| F|  |TAMS 0x000000070d600000, 0x000000070d600000| Untracked 
| 121|0x000000070d700000, 0x000000070d700000, 0x000000070d800000|  0%| F|  |TAMS 0x000000070d700000, 0x000000070d700000| Untracked 
| 122|0x000000070d800000, 0x000000070d800000, 0x000000070d900000|  0%| F|  |TAMS 0x000000070d800000, 0x000000070d800000| Untracked 
| 123|0x000000070d900000, 0x000000070d900000, 0x000000070da00000|  0%| F|  |TAMS 0x000000070d900000, 0x000000070d900000| Untracked 
| 124|0x000000070da00000, 0x000000070da00000, 0x000000070db00000|  0%| F|  |TAMS 0x000000070da00000, 0x000000070da00000| Untracked 
| 125|0x000000070db00000, 0x000000070db00000, 0x000000070dc00000|  0%| F|  |TAMS 0x000000070db00000, 0x000000070db00000| Untracked 
| 126|0x000000070dc00000, 0x000000070dc00000, 0x000000070dd00000|  0%| F|  |TAMS 0x000000070dc00000, 0x000000070dc00000| Untracked 
| 127|0x000000070dd00000, 0x000000070dd00000, 0x000000070de00000|  0%| F|  |TAMS 0x000000070dd00000, 0x000000070dd00000| Untracked 
| 128|0x000000070de00000, 0x000000070de00000, 0x000000070df00000|  0%| F|  |TAMS 0x000000070de00000, 0x000000070de00000| Untracked 
| 129|0x000000070df00000, 0x000000070df00000, 0x000000070e000000|  0%| F|  |TAMS 0x000000070df00000, 0x000000070df00000| Untracked 
| 130|0x000000070e000000, 0x000000070e000000, 0x000000070e100000|  0%| F|  |TAMS 0x000000070e000000, 0x000000070e000000| Untracked 
| 131|0x000000070e100000, 0x000000070e100000, 0x000000070e200000|  0%| F|  |TAMS 0x000000070e100000, 0x000000070e100000| Untracked 
| 132|0x000000070e200000, 0x000000070e200000, 0x000000070e300000|  0%| F|  |TAMS 0x000000070e200000, 0x000000070e200000| Untracked 
| 133|0x000000070e300000, 0x000000070e300000, 0x000000070e400000|  0%| F|  |TAMS 0x000000070e300000, 0x000000070e300000| Untracked 
| 134|0x000000070e400000, 0x000000070e400000, 0x000000070e500000|  0%| F|  |TAMS 0x000000070e400000, 0x000000070e400000| Untracked 
| 135|0x000000070e500000, 0x000000070e500000, 0x000000070e600000|  0%| F|  |TAMS 0x000000070e500000, 0x000000070e500000| Untracked 
| 136|0x000000070e600000, 0x000000070e600000, 0x000000070e700000|  0%| F|  |TAMS 0x000000070e600000, 0x000000070e600000| Untracked 
| 137|0x000000070e700000, 0x000000070e700000, 0x000000070e800000|  0%| F|  |TAMS 0x000000070e700000, 0x000000070e700000| Untracked 
| 138|0x000000070e800000, 0x000000070e800000, 0x000000070e900000|  0%| F|  |TAMS 0x000000070e800000, 0x000000070e800000| Untracked 
| 139|0x000000070e900000, 0x000000070e900000, 0x000000070ea00000|  0%| F|  |TAMS 0x000000070e900000, 0x000000070e900000| Untracked 
| 140|0x000000070ea00000, 0x000000070ea00000, 0x000000070eb00000|  0%| F|  |TAMS 0x000000070ea00000, 0x000000070ea00000| Untracked 
| 141|0x000000070eb00000, 0x000000070eb00000, 0x000000070ec00000|  0%| F|  |TAMS 0x000000070eb00000, 0x000000070eb00000| Untracked 
| 142|0x000000070ec00000, 0x000000070ec00000, 0x000000070ed00000|  0%| F|  |TAMS 0x000000070ec00000, 0x000000070ec00000| Untracked 
| 143|0x000000070ed00000, 0x000000070ed00000, 0x000000070ee00000|  0%| F|  |TAMS 0x000000070ed00000, 0x000000070ed00000| Untracked 
| 144|0x000000070ee00000, 0x000000070ee00000, 0x000000070ef00000|  0%| F|  |TAMS 0x000000070ee00000, 0x000000070ee00000| Untracked 
| 145|0x000000070ef00000, 0x000000070ef00000, 0x000000070f000000|  0%| F|  |TAMS 0x000000070ef00000, 0x000000070ef00000| Untracked 
| 146|0x000000070f000000, 0x000000070f000000, 0x000000070f100000|  0%| F|  |TAMS 0x000000070f000000, 0x000000070f000000| Untracked 
| 147|0x000000070f100000, 0x000000070f100000, 0x000000070f200000|  0%| F|  |TAMS 0x000000070f100000, 0x000000070f100000| Untracked 
| 148|0x000000070f200000, 0x000000070f200000, 0x000000070f300000|  0%| F|  |TAMS 0x000000070f200000, 0x000000070f200000| Untracked 
| 149|0x000000070f300000, 0x000000070f300000, 0x000000070f400000|  0%| F|  |TAMS 0x000000070f300000, 0x000000070f300000| Untracked 
| 150|0x000000070f400000, 0x000000070f400000, 0x000000070f500000|  0%| F|  |TAMS 0x000000070f400000, 0x000000070f400000| Untracked 
| 151|0x000000070f500000, 0x000000070f500000, 0x000000070f600000|  0%| F|  |TAMS 0x000000070f500000, 0x000000070f500000| Untracked 
| 152|0x000000070f600000, 0x000000070f600000, 0x000000070f700000|  0%| F|  |TAMS 0x000000070f600000, 0x000000070f600000| Untracked 
| 153|0x000000070f700000, 0x000000070f700000, 0x000000070f800000|  0%| F|  |TAMS 0x000000070f700000, 0x000000070f700000| Untracked 
| 154|0x000000070f800000, 0x000000070f800000, 0x000000070f900000|  0%| F|  |TAMS 0x000000070f800000, 0x000000070f800000| Untracked 
| 155|0x000000070f900000, 0x000000070f900000, 0x000000070fa00000|  0%| F|  |TAMS 0x000000070f900000, 0x000000070f900000| Untracked 
| 156|0x000000070fa00000, 0x000000070fa00000, 0x000000070fb00000|  0%| F|  |TAMS 0x000000070fa00000, 0x000000070fa00000| Untracked 
| 157|0x000000070fb00000, 0x000000070fb00000, 0x000000070fc00000|  0%| F|  |TAMS 0x000000070fb00000, 0x000000070fb00000| Untracked 
| 158|0x000000070fc00000, 0x000000070fc00000, 0x000000070fd00000|  0%| F|  |TAMS 0x000000070fc00000, 0x000000070fc00000| Untracked 
| 159|0x000000070fd00000, 0x000000070fd00000, 0x000000070fe00000|  0%| F|  |TAMS 0x000000070fd00000, 0x000000070fd00000| Untracked 
| 160|0x000000070fe00000, 0x000000070fe00000, 0x000000070ff00000|  0%| F|  |TAMS 0x000000070fe00000, 0x000000070fe00000| Untracked 
| 161|0x000000070ff00000, 0x000000070ff00000, 0x0000000710000000|  0%| F|  |TAMS 0x000000070ff00000, 0x000000070ff00000| Untracked 
| 162|0x0000000710000000, 0x0000000710000000, 0x0000000710100000|  0%| F|  |TAMS 0x0000000710000000, 0x0000000710000000| Untracked 
| 163|0x0000000710100000, 0x0000000710100000, 0x0000000710200000|  0%| F|  |TAMS 0x0000000710100000, 0x0000000710100000| Untracked 
| 164|0x0000000710200000, 0x0000000710200000, 0x0000000710300000|  0%| F|  |TAMS 0x0000000710200000, 0x0000000710200000| Untracked 
| 165|0x0000000710300000, 0x0000000710300000, 0x0000000710400000|  0%| F|  |TAMS 0x0000000710300000, 0x0000000710300000| Untracked 
| 166|0x0000000710400000, 0x0000000710400000, 0x0000000710500000|  0%| F|  |TAMS 0x0000000710400000, 0x0000000710400000| Untracked 
| 167|0x0000000710500000, 0x0000000710500000, 0x0000000710600000|  0%| F|  |TAMS 0x0000000710500000, 0x0000000710500000| Untracked 
| 168|0x0000000710600000, 0x0000000710600000, 0x0000000710700000|  0%| F|  |TAMS 0x0000000710600000, 0x0000000710600000| Untracked 
| 169|0x0000000710700000, 0x0000000710700000, 0x0000000710800000|  0%| F|  |TAMS 0x0000000710700000, 0x0000000710700000| Untracked 
| 170|0x0000000710800000, 0x0000000710800000, 0x0000000710900000|  0%| F|  |TAMS 0x0000000710800000, 0x0000000710800000| Untracked 
| 171|0x0000000710900000, 0x0000000710900000, 0x0000000710a00000|  0%| F|  |TAMS 0x0000000710900000, 0x0000000710900000| Untracked 
| 172|0x0000000710a00000, 0x0000000710a00000, 0x0000000710b00000|  0%| F|  |TAMS 0x0000000710a00000, 0x0000000710a00000| Untracked 
| 173|0x0000000710b00000, 0x0000000710b00000, 0x0000000710c00000|  0%| F|  |TAMS 0x0000000710b00000, 0x0000000710b00000| Untracked 
| 174|0x0000000710c00000, 0x0000000710c00000, 0x0000000710d00000|  0%| F|  |TAMS 0x0000000710c00000, 0x0000000710c00000| Untracked 
| 175|0x0000000710d00000, 0x0000000710d00000, 0x0000000710e00000|  0%| F|  |TAMS 0x0000000710d00000, 0x0000000710d00000| Untracked 
| 176|0x0000000710e00000, 0x0000000710e00000, 0x0000000710f00000|  0%| F|  |TAMS 0x0000000710e00000, 0x0000000710e00000| Untracked 
| 177|0x0000000710f00000, 0x0000000710f00000, 0x0000000711000000|  0%| F|  |TAMS 0x0000000710f00000, 0x0000000710f00000| Untracked 
| 178|0x0000000711000000, 0x0000000711000000, 0x0000000711100000|  0%| F|  |TAMS 0x0000000711000000, 0x0000000711000000| Untracked 
| 179|0x0000000711100000, 0x0000000711100000, 0x0000000711200000|  0%| F|  |TAMS 0x0000000711100000, 0x0000000711100000| Untracked 
| 180|0x0000000711200000, 0x0000000711200000, 0x0000000711300000|  0%| F|  |TAMS 0x0000000711200000, 0x0000000711200000| Untracked 
| 181|0x0000000711300000, 0x0000000711300000, 0x0000000711400000|  0%| F|  |TAMS 0x0000000711300000, 0x0000000711300000| Untracked 
| 182|0x0000000711400000, 0x0000000711400000, 0x0000000711500000|  0%| F|  |TAMS 0x0000000711400000, 0x0000000711400000| Untracked 
| 183|0x0000000711500000, 0x0000000711500000, 0x0000000711600000|  0%| F|  |TAMS 0x0000000711500000, 0x0000000711500000| Untracked 
| 184|0x0000000711600000, 0x0000000711600000, 0x0000000711700000|  0%| F|  |TAMS 0x0000000711600000, 0x0000000711600000| Untracked 
| 185|0x0000000711700000, 0x0000000711700000, 0x0000000711800000|  0%| F|  |TAMS 0x0000000711700000, 0x0000000711700000| Untracked 
| 186|0x0000000711800000, 0x0000000711800000, 0x0000000711900000|  0%| F|  |TAMS 0x0000000711800000, 0x0000000711800000| Untracked 
| 187|0x0000000711900000, 0x0000000711900000, 0x0000000711a00000|  0%| F|  |TAMS 0x0000000711900000, 0x0000000711900000| Untracked 
| 188|0x0000000711a00000, 0x0000000711a00000, 0x0000000711b00000|  0%| F|  |TAMS 0x0000000711a00000, 0x0000000711a00000| Untracked 
| 189|0x0000000711b00000, 0x0000000711b00000, 0x0000000711c00000|  0%| F|  |TAMS 0x0000000711b00000, 0x0000000711b00000| Untracked 
| 190|0x0000000711c00000, 0x0000000711c00000, 0x0000000711d00000|  0%| F|  |TAMS 0x0000000711c00000, 0x0000000711c00000| Untracked 
| 191|0x0000000711d00000, 0x0000000711d00000, 0x0000000711e00000|  0%| F|  |TAMS 0x0000000711d00000, 0x0000000711d00000| Untracked 
| 192|0x0000000711e00000, 0x0000000711e00000, 0x0000000711f00000|  0%| F|  |TAMS 0x0000000711e00000, 0x0000000711e00000| Untracked 
| 193|0x0000000711f00000, 0x0000000711f00000, 0x0000000712000000|  0%| F|  |TAMS 0x0000000711f00000, 0x0000000711f00000| Untracked 
| 194|0x0000000712000000, 0x0000000712000000, 0x0000000712100000|  0%| F|  |TAMS 0x0000000712000000, 0x0000000712000000| Untracked 
| 195|0x0000000712100000, 0x0000000712100000, 0x0000000712200000|  0%| F|  |TAMS 0x0000000712100000, 0x0000000712100000| Untracked 
| 196|0x0000000712200000, 0x0000000712200000, 0x0000000712300000|  0%| F|  |TAMS 0x0000000712200000, 0x0000000712200000| Untracked 
| 197|0x0000000712300000, 0x0000000712300000, 0x0000000712400000|  0%| F|  |TAMS 0x0000000712300000, 0x0000000712300000| Untracked 
| 198|0x0000000712400000, 0x0000000712400000, 0x0000000712500000|  0%| F|  |TAMS 0x0000000712400000, 0x0000000712400000| Untracked 
| 199|0x0000000712500000, 0x0000000712500000, 0x0000000712600000|  0%| F|  |TAMS 0x0000000712500000, 0x0000000712500000| Untracked 
| 200|0x0000000712600000, 0x0000000712600000, 0x0000000712700000|  0%| F|  |TAMS 0x0000000712600000, 0x0000000712600000| Untracked 
| 201|0x0000000712700000, 0x0000000712700000, 0x0000000712800000|  0%| F|  |TAMS 0x0000000712700000, 0x0000000712700000| Untracked 
| 202|0x0000000712800000, 0x0000000712800000, 0x0000000712900000|  0%| F|  |TAMS 0x0000000712800000, 0x0000000712800000| Untracked 
| 203|0x0000000712900000, 0x0000000712900000, 0x0000000712a00000|  0%| F|  |TAMS 0x0000000712900000, 0x0000000712900000| Untracked 
| 204|0x0000000712a00000, 0x0000000712a00000, 0x0000000712b00000|  0%| F|  |TAMS 0x0000000712a00000, 0x0000000712a00000| Untracked 
| 205|0x0000000712b00000, 0x0000000712b00000, 0x0000000712c00000|  0%| F|  |TAMS 0x0000000712b00000, 0x0000000712b00000| Untracked 
| 206|0x0000000712c00000, 0x0000000712c00000, 0x0000000712d00000|  0%| F|  |TAMS 0x0000000712c00000, 0x0000000712c00000| Untracked 
| 207|0x0000000712d00000, 0x0000000712d00000, 0x0000000712e00000|  0%| F|  |TAMS 0x0000000712d00000, 0x0000000712d00000| Untracked 
| 208|0x0000000712e00000, 0x0000000712e00000, 0x0000000712f00000|  0%| F|  |TAMS 0x0000000712e00000, 0x0000000712e00000| Untracked 
| 209|0x0000000712f00000, 0x0000000712f00000, 0x0000000713000000|  0%| F|  |TAMS 0x0000000712f00000, 0x0000000712f00000| Untracked 
| 210|0x0000000713000000, 0x0000000713000000, 0x0000000713100000|  0%| F|  |TAMS 0x0000000713000000, 0x0000000713000000| Untracked 
| 211|0x0000000713100000, 0x0000000713100000, 0x0000000713200000|  0%| F|  |TAMS 0x0000000713100000, 0x0000000713100000| Untracked 
| 212|0x0000000713200000, 0x0000000713200000, 0x0000000713300000|  0%| F|  |TAMS 0x0000000713200000, 0x0000000713200000| Untracked 
| 213|0x0000000713300000, 0x0000000713300000, 0x0000000713400000|  0%| F|  |TAMS 0x0000000713300000, 0x0000000713300000| Untracked 
| 214|0x0000000713400000, 0x0000000713400000, 0x0000000713500000|  0%| F|  |TAMS 0x0000000713400000, 0x0000000713400000| Untracked 
| 215|0x0000000713500000, 0x0000000713500000, 0x0000000713600000|  0%| F|  |TAMS 0x0000000713500000, 0x0000000713500000| Untracked 
| 216|0x0000000713600000, 0x0000000713600000, 0x0000000713700000|  0%| F|  |TAMS 0x0000000713600000, 0x0000000713600000| Untracked 
| 217|0x0000000713700000, 0x0000000713700000, 0x0000000713800000|  0%| F|  |TAMS 0x0000000713700000, 0x0000000713700000| Untracked 
| 218|0x0000000713800000, 0x0000000713800000, 0x0000000713900000|  0%| F|  |TAMS 0x0000000713800000, 0x0000000713800000| Untracked 
| 219|0x0000000713900000, 0x0000000713900000, 0x0000000713a00000|  0%| F|  |TAMS 0x0000000713900000, 0x0000000713900000| Untracked 
| 220|0x0000000713a00000, 0x0000000713a00000, 0x0000000713b00000|  0%| F|  |TAMS 0x0000000713a00000, 0x0000000713a00000| Untracked 
| 221|0x0000000713b00000, 0x0000000713b00000, 0x0000000713c00000|  0%| F|  |TAMS 0x0000000713b00000, 0x0000000713b00000| Untracked 
| 222|0x0000000713c00000, 0x0000000713c00000, 0x0000000713d00000|  0%| F|  |TAMS 0x0000000713c00000, 0x0000000713c00000| Untracked 
| 223|0x0000000713d00000, 0x0000000713d00000, 0x0000000713e00000|  0%| F|  |TAMS 0x0000000713d00000, 0x0000000713d00000| Untracked 
| 224|0x0000000713e00000, 0x0000000713e00000, 0x0000000713f00000|  0%| F|  |TAMS 0x0000000713e00000, 0x0000000713e00000| Untracked 
| 225|0x0000000713f00000, 0x0000000713f00000, 0x0000000714000000|  0%| F|  |TAMS 0x0000000713f00000, 0x0000000713f00000| Untracked 
| 226|0x0000000714000000, 0x0000000714000000, 0x0000000714100000|  0%| F|  |TAMS 0x0000000714000000, 0x0000000714000000| Untracked 
| 227|0x0000000714100000, 0x0000000714100000, 0x0000000714200000|  0%| F|  |TAMS 0x0000000714100000, 0x0000000714100000| Untracked 
| 228|0x0000000714200000, 0x0000000714200000, 0x0000000714300000|  0%| F|  |TAMS 0x0000000714200000, 0x0000000714200000| Untracked 
| 229|0x0000000714300000, 0x0000000714300000, 0x0000000714400000|  0%| F|  |TAMS 0x0000000714300000, 0x0000000714300000| Untracked 
| 230|0x0000000714400000, 0x0000000714400000, 0x0000000714500000|  0%| F|  |TAMS 0x0000000714400000, 0x0000000714400000| Untracked 
| 231|0x0000000714500000, 0x0000000714500000, 0x0000000714600000|  0%| F|  |TAMS 0x0000000714500000, 0x0000000714500000| Untracked 
| 232|0x0000000714600000, 0x0000000714600000, 0x0000000714700000|  0%| F|  |TAMS 0x0000000714600000, 0x0000000714600000| Untracked 
| 233|0x0000000714700000, 0x0000000714700000, 0x0000000714800000|  0%| F|  |TAMS 0x0000000714700000, 0x0000000714700000| Untracked 
| 234|0x0000000714800000, 0x000000071487b638, 0x0000000714900000| 48%| E|  |TAMS 0x0000000714800000, 0x0000000714800000| Complete 
| 235|0x0000000714900000, 0x0000000714a00000, 0x0000000714a00000|100%| E|CS|TAMS 0x0000000714900000, 0x0000000714900000| Complete 
| 236|0x0000000714a00000, 0x0000000714b00000, 0x0000000714b00000|100%| E|CS|TAMS 0x0000000714a00000, 0x0000000714a00000| Complete 
| 237|0x0000000714b00000, 0x0000000714c00000, 0x0000000714c00000|100%| E|CS|TAMS 0x0000000714b00000, 0x0000000714b00000| Complete 
| 238|0x0000000714c00000, 0x0000000714d00000, 0x0000000714d00000|100%| E|CS|TAMS 0x0000000714c00000, 0x0000000714c00000| Complete 
| 239|0x0000000714d00000, 0x0000000714e00000, 0x0000000714e00000|100%| E|CS|TAMS 0x0000000714d00000, 0x0000000714d00000| Complete 
| 240|0x0000000714e00000, 0x0000000714f00000, 0x0000000714f00000|100%| E|CS|TAMS 0x0000000714e00000, 0x0000000714e00000| Complete 
| 241|0x0000000714f00000, 0x0000000715000000, 0x0000000715000000|100%| E|CS|TAMS 0x0000000714f00000, 0x0000000714f00000| Complete 
| 242|0x0000000715000000, 0x0000000715100000, 0x0000000715100000|100%| E|CS|TAMS 0x0000000715000000, 0x0000000715000000| Complete 
| 243|0x0000000715100000, 0x0000000715200000, 0x0000000715200000|100%| E|CS|TAMS 0x0000000715100000, 0x0000000715100000| Complete 
| 244|0x0000000715200000, 0x0000000715300000, 0x0000000715300000|100%| E|CS|TAMS 0x0000000715200000, 0x0000000715200000| Complete 
| 245|0x0000000715300000, 0x0000000715400000, 0x0000000715400000|100%| E|CS|TAMS 0x0000000715300000, 0x0000000715300000| Complete 
| 246|0x0000000715400000, 0x0000000715500000, 0x0000000715500000|100%| E|  |TAMS 0x0000000715400000, 0x0000000715400000| Complete 
| 247|0x0000000715500000, 0x0000000715600000, 0x0000000715600000|100%| E|CS|TAMS 0x0000000715500000, 0x0000000715500000| Complete 
| 248|0x0000000715600000, 0x0000000715700000, 0x0000000715700000|100%| E|CS|TAMS 0x0000000715600000, 0x0000000715600000| Complete 
| 249|0x0000000715700000, 0x0000000715800000, 0x0000000715800000|100%| E|CS|TAMS 0x0000000715700000, 0x0000000715700000| Complete 
| 250|0x0000000715800000, 0x0000000715900000, 0x0000000715900000|100%| E|CS|TAMS 0x0000000715800000, 0x0000000715800000| Complete 
| 251|0x0000000715900000, 0x0000000715a00000, 0x0000000715a00000|100%| E|CS|TAMS 0x0000000715900000, 0x0000000715900000| Complete 

Card table byte_map: [0x0000019aede30000,0x0000019aee610000] _byte_map_base: 0x0000019aea601000

Marking Bits (Prev, Next): (CMBitMap*) 0x0000019ad5a38928, (CMBitMap*) 0x0000019ad5a38960
 Prev Bits: [0x0000019aeedf0000, 0x0000019af2c78000)
 Next Bits: [0x0000019af2c80000, 0x0000019af6b08000)

Polling page: 0x0000019ad51a0000

Metaspace:

Usage:
  Non-class:     10.43 MB capacity,    10.38 MB (>99%) used,    40.45 KB ( <1%) free+waste,    12.25 KB ( <1%) overhead. 
      Class:      1.13 MB capacity,     1.07 MB ( 95%) used,    50.59 KB (  4%) free+waste,     5.06 KB ( <1%) overhead. 
       Both:     11.56 MB capacity,    11.45 MB (>99%) used,    91.04 KB ( <1%) free+waste,    17.31 KB ( <1%) overhead. 

Virtual space:
  Non-class space:       20.00 MB reserved,      10.50 MB ( 52%) committed 
      Class space:        1.00 GB reserved,       1.25 MB ( <1%) committed 
             Both:        1.02 GB reserved,      11.75 MB (  1%) committed 

Chunk freelists:
   Non-Class:  7.00 KB
       Class:  30.00 KB
        Both:  37.00 KB

MaxMetaspaceSize: 17179869184.00 GB
CompressedClassSpaceSize: 1.00 GB
Initial GC threshold: 20.80 MB
Current GC threshold: 20.80 MB
CDS: off

CodeHeap 'non-profiled nmethods': size=120000Kb used=211Kb max_used=211Kb free=119788Kb
 bounds [0x0000019ae5bd0000, 0x0000019ae5e40000, 0x0000019aed100000]
CodeHeap 'profiled nmethods': size=120000Kb used=1160Kb max_used=1160Kb free=118839Kb
 bounds [0x0000019ade6a0000, 0x0000019ade910000, 0x0000019ae5bd0000]
CodeHeap 'non-nmethods': size=5760Kb used=1139Kb max_used=1152Kb free=4620Kb
 bounds [0x0000019ade100000, 0x0000019ade370000, 0x0000019ade6a0000]
 total_blobs=1106 nmethods=712 adapters=307
 compilation: enabled
              stopped_count=0, restarted_count=0
 full_count=0

Compilation events (20 events):
Event: 0.427 Thread 0x0000019afa19c000  706       3       java.lang.String::indexOf (18 bytes)
Event: 0.427 Thread 0x0000019afa19c000 nmethod 706 0x0000019ade7bfa90 code [0x0000019ade7bfc60, 0x0000019ade7bff28]
Event: 0.427 Thread 0x0000019afa19c000  707       3       java.lang.String::indexOf (113 bytes)
Event: 0.428 Thread 0x0000019afa19c000 nmethod 707 0x0000019ade7c0090 code [0x0000019ade7c0320, 0x0000019ade7c0d48]
Event: 0.428 Thread 0x0000019afa19c000  709       3       jdk.internal.misc.VM::isModuleSystemInited (13 bytes)
Event: 0.428 Thread 0x0000019afa19c000 nmethod 709 0x0000019ade7c1190 code [0x0000019ade7c1340, 0x0000019ade7c14d8]
Event: 0.428 Thread 0x0000019afa19c000  711       1       java.util.Collections$EmptyList::isEmpty (2 bytes)
Event: 0.428 Thread 0x0000019afa19c000 nmethod 711 0x0000019ae5c02b90 code [0x0000019ae5c02d40, 0x0000019ae5c02df8]
Event: 0.428 Thread 0x0000019afa19c000  698       3       java.util.jar.Manifest$FastInputStream::readLine (9 bytes)
Event: 0.428 Thread 0x0000019afa19c000 nmethod 698 0x0000019ade7c1590 code [0x0000019ade7c1740, 0x0000019ade7c1888]
Event: 0.428 Thread 0x0000019afa19c000  697       3       java.util.WeakHashMap::eq (19 bytes)
Event: 0.429 Thread 0x0000019afa19c000 nmethod 697 0x0000019ade7c1990 code [0x0000019ade7c1b60, 0x0000019ade7c1da8]
Event: 0.429 Thread 0x0000019afa19c000  714       3       java.util.Collections$UnmodifiableCollection$1::hasNext (10 bytes)
Event: 0.429 Thread 0x0000019afa19c000 nmethod 714 0x0000019ade7c1e90 code [0x0000019ade7c2040, 0x0000019ade7c2208]
Event: 0.430 Thread 0x0000019afa197000 nmethod 695 0x0000019ae5c02e90 code [0x0000019ae5c03100, 0x0000019ae5c03d20]
Event: 0.431 Thread 0x0000019afa197000  708   !   4       java.util.zip.ZipFile::getEntry (73 bytes)
Event: 0.431 Thread 0x0000019afaa56800 nmethod 713 0x0000019ae5c04290 code [0x0000019ae5c04440, 0x0000019ae5c047f8]
Event: 0.431 Thread 0x0000019afaa56800  710       4       java.util.jar.JarFile$1::<init> (10 bytes)
Event: 0.432 Thread 0x0000019afaa56800 nmethod 710 0x0000019ae5c04a90 code [0x0000019ae5c04c20, 0x0000019ae5c04d58]
Event: 0.432 Thread 0x0000019afaa56800  703       4       java.util.zip.ZipFile$1::getEntry (10 bytes)

GC Heap History (0 events):
No events

Deoptimization events (20 events):
Event: 0.100 Thread 0x0000019ad59d3000 DEOPT PACKING pc=0x0000019ade6c2f8e sp=0x0000003a3a8f8c10
Event: 0.100 Thread 0x0000019ad59d3000 DEOPT UNPACKING pc=0x0000019ade14a95e sp=0x0000003a3a8f80b0 mode 0
Event: 0.100 Thread 0x0000019ad59d3000 DEOPT PACKING pc=0x0000019ade6c2f8e sp=0x0000003a3a8f8c10
Event: 0.100 Thread 0x0000019ad59d3000 DEOPT UNPACKING pc=0x0000019ade14a95e sp=0x0000003a3a8f80b0 mode 0
Event: 0.100 Thread 0x0000019ad59d3000 DEOPT PACKING pc=0x0000019ade6c2f8e sp=0x0000003a3a8f8c10
Event: 0.100 Thread 0x0000019ad59d3000 DEOPT UNPACKING pc=0x0000019ade14a95e sp=0x0000003a3a8f80b0 mode 0
Event: 0.100 Thread 0x0000019ad59d3000 DEOPT PACKING pc=0x0000019ade6c2f8e sp=0x0000003a3a8f8c10
Event: 0.100 Thread 0x0000019ad59d3000 DEOPT UNPACKING pc=0x0000019ade14a95e sp=0x0000003a3a8f80b0 mode 0
Event: 0.100 Thread 0x0000019ad59d3000 DEOPT PACKING pc=0x0000019ade6c2f8e sp=0x0000003a3a8f8c10
Event: 0.100 Thread 0x0000019ad59d3000 DEOPT UNPACKING pc=0x0000019ade14a95e sp=0x0000003a3a8f80b0 mode 0
Event: 0.103 Thread 0x0000019ad59d3000 DEOPT PACKING pc=0x0000019ade6c364b sp=0x0000003a3a8f8be0
Event: 0.103 Thread 0x0000019ad59d3000 DEOPT UNPACKING pc=0x0000019ade14a95e sp=0x0000003a3a8f80b0 mode 0
Event: 0.103 Thread 0x0000019ad59d3000 DEOPT PACKING pc=0x0000019ade6c364b sp=0x0000003a3a8f8be0
Event: 0.103 Thread 0x0000019ad59d3000 DEOPT UNPACKING pc=0x0000019ade14a95e sp=0x0000003a3a8f80b0 mode 0
Event: 0.230 Thread 0x0000019ad59d3000 DEOPT PACKING pc=0x0000019ade6eafc2 sp=0x0000003a3a8fd830
Event: 0.230 Thread 0x0000019ad59d3000 DEOPT UNPACKING pc=0x0000019ade14a95e sp=0x0000003a3a8fcc98 mode 0
Event: 0.419 Thread 0x0000019ad59d3000 Uncommon trap: trap_request=0xffffff4d fr.pc=0x0000019ae5bdf300 relative=0x0000000000000060
Event: 0.419 Thread 0x0000019ad59d3000 Uncommon trap: reason=unstable_if action=reinterpret pc=0x0000019ae5bdf300 method=java.io.WinNTFileSystem.isSlash(C)Z @ 9 c2
Event: 0.419 Thread 0x0000019ad59d3000 DEOPT PACKING pc=0x0000019ae5bdf300 sp=0x0000003a3a8fe2b0
Event: 0.419 Thread 0x0000019ad59d3000 DEOPT UNPACKING pc=0x0000019ade14a1af sp=0x0000003a3a8fe238 mode 2

Classes redefined (0 events):
No events

Internal exceptions (20 events):
Event: 0.382 Thread 0x0000019ad59d3000 Exception <a 'sun/nio/fs/WindowsException'{0x0000000714dbe378}> (0x0000000714dbe378) thrown at [./src/hotspot/share/prims/jni.cpp, line 616]
Event: 0.383 Thread 0x0000019ad59d3000 Exception <a 'sun/nio/fs/WindowsException'{0x0000000714dbed98}> (0x0000000714dbed98) thrown at [./src/hotspot/share/prims/jni.cpp, line 616]
Event: 0.383 Thread 0x0000019ad59d3000 Exception <a 'sun/nio/fs/WindowsException'{0x0000000714dbf118}> (0x0000000714dbf118) thrown at [./src/hotspot/share/prims/jni.cpp, line 616]
Event: 0.387 Thread 0x0000019ad59d3000 Exception <a 'java/lang/NoSuchMethodError'{0x0000000714dccb80}: 'java.lang.Object java.lang.invoke.DirectMethodHandle$Holder.invokeStatic(java.lang.Object, java.lang.Object, java.lang.Object, int)'> (0x0000000714dccb80) thrown at [./src/hotspot/share/interpreter/linkResolver.cpp, line 773]
Event: 0.387 Thread 0x0000019ad59d3000 Exception <a 'java/lang/NoSuchMethodError'{0x0000000714dd07f8}: 'java.lang.Object java.lang.invoke.DirectMethodHandle$Holder.invokeSpecial(java.lang.Object, java.lang.Object, java.lang.Object, java.lang.Object, int)'> (0x0000000714dd07f8) thrown at [./src/hotspot/share/interpreter/linkResolver.cpp, line 773]
Event: 0.388 Thread 0x0000019ad59d3000 Exception <a 'java/lang/NoSuchMethodError'{0x0000000714dd3c90}: 'java.lang.Object java.lang.invoke.Invokers$Holder.linkToTargetMethod(java.lang.Object, java.lang.Object, int, java.lang.Object)'> (0x0000000714dd3c90) thrown at [./src/hotspot/share/interpreter/linkResolver.cpp, line 773]
Event: 0.391 Thread 0x0000019ad59d3000 Exception <a 'sun/nio/fs/WindowsException'{0x0000000714dd74e8}> (0x0000000714dd74e8) thrown at [./src/hotspot/share/prims/jni.cpp, line 616]
Event: 0.391 Thread 0x0000019ad59d3000 Exception <a 'sun/nio/fs/WindowsException'{0x0000000714dd7888}> (0x0000000714dd7888) thrown at [./src/hotspot/share/prims/jni.cpp, line 616]
Event: 0.391 Thread 0x0000019ad59d3000 Exception <a 'sun/nio/fs/WindowsException'{0x0000000714dd87e8}> (0x0000000714dd87e8) thrown at [./src/hotspot/share/prims/jni.cpp, line 616]
Event: 0.391 Thread 0x0000019ad59d3000 Exception <a 'sun/nio/fs/WindowsException'{0x0000000714dd8ba8}> (0x0000000714dd8ba8) thrown at [./src/hotspot/share/prims/jni.cpp, line 616]
Event: 0.395 Thread 0x0000019ad59d3000 Exception <a 'sun/nio/fs/WindowsException'{0x0000000714ddc458}> (0x0000000714ddc458) thrown at [./src/hotspot/share/prims/jni.cpp, line 616]
Event: 0.395 Thread 0x0000019ad59d3000 Exception <a 'sun/nio/fs/WindowsException'{0x0000000714ddc808}> (0x0000000714ddc808) thrown at [./src/hotspot/share/prims/jni.cpp, line 616]
Event: 0.395 Thread 0x0000019ad59d3000 Exception <a 'sun/nio/fs/WindowsException'{0x0000000714ddd770}> (0x0000000714ddd770) thrown at [./src/hotspot/share/prims/jni.cpp, line 616]
Event: 0.395 Thread 0x0000019ad59d3000 Exception <a 'sun/nio/fs/WindowsException'{0x0000000714dddb40}> (0x0000000714dddb40) thrown at [./src/hotspot/share/prims/jni.cpp, line 616]
Event: 0.395 Thread 0x0000019ad59d3000 Exception <a 'sun/nio/fs/WindowsException'{0x0000000714ddf768}> (0x0000000714ddf768) thrown at [./src/hotspot/share/prims/jni.cpp, line 616]
Event: 0.395 Thread 0x0000019ad59d3000 Exception <a 'sun/nio/fs/WindowsException'{0x0000000714ddfb28}> (0x0000000714ddfb28) thrown at [./src/hotspot/share/prims/jni.cpp, line 616]
Event: 0.396 Thread 0x0000019ad59d3000 Exception <a 'sun/nio/fs/WindowsException'{0x0000000714de2168}> (0x0000000714de2168) thrown at [./src/hotspot/share/prims/jni.cpp, line 616]
Event: 0.396 Thread 0x0000019ad59d3000 Exception <a 'sun/nio/fs/WindowsException'{0x0000000714de24f8}> (0x0000000714de24f8) thrown at [./src/hotspot/share/prims/jni.cpp, line 616]
Event: 0.396 Thread 0x0000019ad59d3000 Exception <a 'sun/nio/fs/WindowsException'{0x0000000714de3450}> (0x0000000714de3450) thrown at [./src/hotspot/share/prims/jni.cpp, line 616]
Event: 0.396 Thread 0x0000019ad59d3000 Exception <a 'sun/nio/fs/WindowsException'{0x0000000714de3808}> (0x0000000714de3808) thrown at [./src/hotspot/share/prims/jni.cpp, line 616]

Events (20 events):
Event: 0.433 loading class com/sun/xml/bind/v2/model/core/NonElement
Event: 0.433 loading class com/sun/xml/bind/v2/model/core/NonElement done
Event: 0.433 loading class com/sun/xml/bind/v2/model/core/TypeInfo
Event: 0.433 loading class com/sun/xml/bind/v2/model/core/TypeInfo done
Event: 0.433 loading class com/sun/xml/bind/v2/model/annotation/Locatable
Event: 0.433 loading class com/sun/xml/bind/v2/model/annotation/Locatable done
Event: 0.434 loading class com/sun/xml/bind/v2/model/runtime/RuntimeNonElement
Event: 0.434 loading class com/sun/xml/bind/v2/model/runtime/RuntimeNonElement done
Event: 0.434 loading class com/sun/xml/bind/v2/model/runtime/RuntimeTypeInfo
Event: 0.434 loading class com/sun/xml/bind/v2/model/runtime/RuntimeTypeInfo done
Event: 0.434 loading class com/sun/xml/bind/v2/runtime/InternalBridge
Event: 0.434 loading class com/sun/xml/bind/v2/runtime/InternalBridge done
Event: 0.435 loading class com/sun/xml/bind/api/Bridge
Event: 0.435 loading class com/sun/xml/bind/api/Bridge done
Event: 0.435 loading class com/sun/xml/bind/v2/runtime/BridgeImpl
Event: 0.435 loading class com/sun/xml/bind/v2/runtime/BridgeImpl done
Event: 0.436 loading class com/sun/xml/bind/v2/runtime/JaxBeanInfo
Event: 0.436 loading class com/sun/xml/bind/v2/runtime/JaxBeanInfo done
Event: 0.436 loading class com/sun/xml/bind/v2/runtime/ValueListBeanInfoImpl
Event: 0.436 loading class com/sun/xml/bind/v2/runtime/ValueListBeanInfoImpl done


Dynamic libraries:
0x00007ff7b0700000 - 0x00007ff7b070d000 	C:\UnityInstallations\2022.3.42f1\Editor\Data\PlaybackEngines\AndroidPlayer\OpenJDK\bin\java.exe
0x00007ffd6bb10000 - 0x00007ffd6bd27000 	C:\WINDOWS\SYSTEM32\ntdll.dll
0x00007ffd6a850000 - 0x00007ffd6a914000 	C:\WINDOWS\System32\KERNEL32.DLL
0x00007ffd68f50000 - 0x00007ffd692fd000 	C:\WINDOWS\System32\KERNELBASE.dll
0x00007ffd69720000 - 0x00007ffd69831000 	C:\WINDOWS\System32\ucrtbase.dll
0x00007ffd628c0000 - 0x00007ffd628d7000 	C:\UnityInstallations\2022.3.42f1\Editor\Data\PlaybackEngines\AndroidPlayer\OpenJDK\bin\jli.dll
0x00007ffd628a0000 - 0x00007ffd628b5000 	C:\UnityInstallations\2022.3.42f1\Editor\Data\PlaybackEngines\AndroidPlayer\OpenJDK\bin\VCRUNTIME140.dll
0x00007ffd69d60000 - 0x00007ffd69f0e000 	C:\WINDOWS\System32\USER32.dll
0x00007ffd68e30000 - 0x00007ffd68e56000 	C:\WINDOWS\System32\win32u.dll
0x00007ffd533d0000 - 0x00007ffd53663000 	C:\WINDOWS\WinSxS\amd64_microsoft.windows.common-controls_6595b64144ccf1df_6.0.22621.3672_none_2713b9d173822955\COMCTL32.dll
0x00007ffd69840000 - 0x00007ffd69869000 	C:\WINDOWS\System32\GDI32.dll
0x00007ffd6ad90000 - 0x00007ffd6ae37000 	C:\WINDOWS\System32\msvcrt.dll
0x00007ffd69300000 - 0x00007ffd69419000 	C:\WINDOWS\System32\gdi32full.dll
0x00007ffd69680000 - 0x00007ffd6971a000 	C:\WINDOWS\System32\msvcp_win.dll
0x00007ffd69d10000 - 0x00007ffd69d41000 	C:\WINDOWS\System32\IMM32.DLL
0x00007ffd26220000 - 0x00007ffd262bb000 	C:\UnityInstallations\2022.3.42f1\Editor\Data\PlaybackEngines\AndroidPlayer\OpenJDK\bin\msvcp140.dll
0x00007ffd16510000 - 0x00007ffd17091000 	C:\UnityInstallations\2022.3.42f1\Editor\Data\PlaybackEngines\AndroidPlayer\OpenJDK\bin\server\jvm.dll
0x00007ffd6a940000 - 0x00007ffd6a9f2000 	C:\WINDOWS\System32\ADVAPI32.dll
0x00007ffd69c60000 - 0x00007ffd69d09000 	C:\WINDOWS\System32\sechost.dll
0x00007ffd69650000 - 0x00007ffd69678000 	C:\WINDOWS\System32\bcrypt.dll
0x00007ffd69f10000 - 0x00007ffd6a024000 	C:\WINDOWS\System32\RPCRT4.dll
0x00007ffd69d50000 - 0x00007ffd69d58000 	C:\WINDOWS\System32\PSAPI.DLL
0x00007ffd235e0000 - 0x00007ffd235e9000 	C:\WINDOWS\SYSTEM32\WSOCK32.dll
0x00007ffd67c60000 - 0x00007ffd67c6a000 	C:\WINDOWS\SYSTEM32\VERSION.dll
0x00007ffd62a40000 - 0x00007ffd62a74000 	C:\WINDOWS\SYSTEM32\WINMM.dll
0x00007ffd6ab00000 - 0x00007ffd6ab71000 	C:\WINDOWS\System32\WS2_32.dll
0x00007ffd67f70000 - 0x00007ffd67f88000 	C:\WINDOWS\SYSTEM32\kernel.appcore.dll
0x00007ffd4a720000 - 0x00007ffd4a730000 	C:\UnityInstallations\2022.3.42f1\Editor\Data\PlaybackEngines\AndroidPlayer\OpenJDK\bin\verify.dll
0x00007ffd66210000 - 0x00007ffd66442000 	C:\WINDOWS\SYSTEM32\DBGHELP.DLL
0x00007ffd6a030000 - 0x00007ffd6a3be000 	C:\WINDOWS\System32\combase.dll
0x00007ffd69910000 - 0x00007ffd699e7000 	C:\WINDOWS\System32\OLEAUT32.dll
0x00007ffd51e80000 - 0x00007ffd51eb2000 	C:\WINDOWS\SYSTEM32\dbgcore.DLL
0x00007ffd68e60000 - 0x00007ffd68edb000 	C:\WINDOWS\System32\bcryptPrimitives.dll
